<?xml version="1.0" encoding="UTF-8"?>
<!-- Generated by org.testng.reporters.JUnitReportReporter -->
<testsuite skipped="0" hostname="Mds-MacBook-Pro.local" name="Academy.Homepage" tests="2" failures="0" timestamp="10 May 2019 19:49:07 GMT" time="28.988" errors="0">
  <testcase name="basePageNevigation" time="21.532" classname="Academy.Homepage"/>
  <testcase name="basePageNevigation" time="7.456" classname="Academy.Homepage"/>
</testsuite> <!-- Academy.Homepage -->
