<?xml version="1.0" encoding="UTF-8"?>
<!-- Generated by org.testng.reporters.JUnitReportReporter -->
<testsuite skipped="0" hostname="Mds-MacBook-Pro.local" name="Academy.validateTitle" tests="1" failures="0" timestamp="06 May 2019 09:16:47 GMT" time="0.037" errors="0">
  <testcase name="basePageNevigation" time="0.037" classname="Academy.validateTitle"/>
</testsuite> <!-- Academy.validateTitle -->
