<?xml version="1.0" encoding="UTF-8"?>
<!-- Generated by org.testng.reporters.JUnitReportReporter -->
<testsuite hostname="Mds-MacBook-Pro.local" name="Academy.validateNavigationBar" tests="1" failures="0" timestamp="6 May 2019 18:37:49 GMT" time="0.031" errors="0">
  <testcase name="validatePageNavigation" time="0.031" classname="Academy.validateNavigationBar"/>
</testsuite> <!-- Academy.validateNavigationBar -->
