<?xml version="1.0" encoding="UTF-8"?>
<!-- Generated by org.testng.reporters.JUnitReportReporter -->
<testsuite hostname="Mds-MacBook-Pro.local" name="Academy.Homepage" tests="2" failures="0" timestamp="6 May 2019 18:37:49 GMT" time="16.274" errors="0">
  <testcase name="basePageNevigation" time="10.696" classname="Academy.Homepage"/>
  <testcase name="basePageNevigation" time="5.578" classname="Academy.Homepage"/>
</testsuite> <!-- Academy.Homepage -->
