<?xml version="1.0" encoding="UTF-8"?>
<!-- Generated by org.testng.reporters.JUnitReportReporter -->
<testsuite hostname="Mds-MacBook-Pro.local" name="Academy.AppTest" tests="1" failures="0" timestamp="6 May 2019 18:21:44 GMT" time="0.001" errors="0">
  <testcase name="testApp" time="0.001" classname="Academy.AppTest"/>
</testsuite> <!-- Academy.AppTest -->
